<?xml version="1.0" encoding="UTF-8"?>
<!-- Generated by org.testng.reporters.JUnitXMLReporter -->
<testsuite ignored="0" hostname="DESKTOP-G4SFOP7" failures="0" tests="3" name="Default test" time="32.545" errors="0" timestamp="2022-09-06T14:22:47 IDT">
  <testcase classname="Tests.ShoppingCartTest" name="RemoveProductTest" time="10.686"/>
  <testcase classname="Tests.ShoppingCartTest" name="checkDeleveryPrice" time="3.909"/>
  <testcase classname="Tests.ShoppingCartTest" name="moveToCashPage" time="15.193"/>
</testsuite> <!-- Default test -->
