<?xml version="1.0" encoding="UTF-8"?>
<testng-results ignored="0" total="3" passed="3" failed="0" skipped="0">
  <reporter-output>
  </reporter-output>
  <suite started-at="2022-09-06T14:22:15 IDT" name="Default suite" finished-at="2022-09-06T14:22:47 IDT" duration-ms="32545">
    <groups>
    </groups>
    <test started-at="2022-09-06T14:22:15 IDT" name="Default test" finished-at="2022-09-06T14:22:47 IDT" duration-ms="32545">
      <class name="Tests.ShoppingCartTest">
        <test-method is-config="true" signature="setUp()[pri:0, instance:Tests.ShoppingCartTest@7927bd9f]" started-at="2022-09-06T14:22:15 IDT" name="setUp" finished-at="2022-09-06T14:22:17 IDT" duration-ms="2224" status="PASS">
          <reporter-output>
          </reporter-output>
        </test-method> <!-- setUp -->
        <test-method signature="RemoveProductTest()[pri:1, instance:Tests.ShoppingCartTest@7927bd9f]" started-at="2022-09-06T14:22:17 IDT" name="RemoveProductTest" description="remove product from cart" finished-at="2022-09-06T14:22:28 IDT" duration-ms="10686" status="PASS">
          <reporter-output>
          </reporter-output>
        </test-method> <!-- RemoveProductTest -->
        <test-method signature="checkDeleveryPrice()[pri:2, instance:Tests.ShoppingCartTest@7927bd9f]" started-at="2022-09-06T14:22:28 IDT" name="checkDeleveryPrice" description="check if the delevery is free" finished-at="2022-09-06T14:22:32 IDT" duration-ms="3909" status="PASS">
          <reporter-output>
          </reporter-output>
        </test-method> <!-- checkDeleveryPrice -->
        <test-method signature="moveToCashPage()[pri:3, instance:Tests.ShoppingCartTest@7927bd9f]" started-at="2022-09-06T14:22:32 IDT" name="moveToCashPage" description="move to cash page" finished-at="2022-09-06T14:22:47 IDT" duration-ms="15193" status="PASS">
          <reporter-output>
          </reporter-output>
        </test-method> <!-- moveToCashPage -->
        <test-method is-config="true" signature="MyTearDown()[pri:0, instance:Tests.ShoppingCartTest@7927bd9f]" started-at="2022-09-06T14:22:47 IDT" name="MyTearDown" finished-at="2022-09-06T14:22:47 IDT" duration-ms="407" status="PASS">
          <reporter-output>
          </reporter-output>
        </test-method> <!-- MyTearDown -->
      </class> <!-- Tests.ShoppingCartTest -->
    </test> <!-- Default test -->
  </suite> <!-- Default suite -->
</testng-results>
